Building DAG of jobs...
Using shell: /usr/bin/bash
Provided cores: 8
Rules claiming more threads will be scaled down.
Job stats:
job       count
------  -------
all           1
printo        1
submit        2
total         4

Select jobs to execute...

[Fri Dec 15 14:42:49 2023]
rule submit:
    input: ../sto6g.inp
    output: ../sto6g.log
    jobid: 1
    reason: Missing output files: ../sto6g.log
    wildcards: filename=sto6g
    resources: tmpdir=/tmp


[Fri Dec 15 14:42:49 2023]
rule submit:
    input: ../sto3g.inp
    output: ../sto3g.log
    jobid: 2
    reason: Missing output files: ../sto3g.log
    wildcards: filename=sto3g
    resources: tmpdir=/tmp

[Fri Dec 15 14:44:09 2023]
Finished job 1.
1 of 4 steps (25%) done
[Fri Dec 15 14:44:10 2023]
Finished job 2.
2 of 4 steps (50%) done
Select jobs to execute...

[Fri Dec 15 14:44:10 2023]
rule printo:
    input: ../sto6g.log, ../sto3g.log
    output: ../result.txt
    jobid: 3
    reason: Missing output files: ../result.txt; Input files updated by another job: ../sto3g.log, ../sto6g.log
    resources: tmpdir=/tmp

[Fri Dec 15 14:44:10 2023]
Error in rule printo:
    jobid: 3
    input: ../sto6g.log, ../sto3g.log
    output: ../result.txt

RuleException:
NameError in file /home2/dengtia4/cmse890_workflow/modified_files/script/Snakefile, line 26:
The name 'i' is unknown in this context. Please make sure that you defined that variable. Also note that braces not used for variable access have to be escaped by repeating them, i.e. {{print $1}}
  File "/home2/dengtia4/cmse890_workflow/modified_files/script/Snakefile", line 26, in __rule_printo
  File "/home2/dengtia4/miniconda3/envs/snakemake/lib/python3.11/concurrent/futures/thread.py", line 58, in run
Shutting down, this might take some time.
Exiting because a job execution failed. Look above for error message
Complete log: .snakemake/log/2023-12-15T144247.833545.snakemake.log
