Building DAG of jobs...
Using shell: /usr/bin/bash
Provided cores: 8
Rules claiming more threads will be scaled down.
Job stats:
job       count
------  -------
all           1
printo        1
submit        2
total         4

Select jobs to execute...

[Fri Dec 15 17:11:28 2023]
rule submit:
    input: ../sto6g.inp
    output: ../sto6g.log
    jobid: 1
    reason: Missing output files: ../sto6g.log
    wildcards: filename=sto6g
    resources: tmpdir=/tmp


[Fri Dec 15 17:11:28 2023]
rule submit:
    input: ../sto3g.inp
    output: ../sto3g.log
    jobid: 2
    reason: Missing output files: ../sto3g.log
    wildcards: filename=sto3g
    resources: tmpdir=/tmp

[Fri Dec 15 17:12:44 2023]
Finished job 2.
1 of 4 steps (25%) done
[Fri Dec 15 17:12:45 2023]
Finished job 1.
2 of 4 steps (50%) done
Select jobs to execute...

[Fri Dec 15 17:12:45 2023]
rule printo:
    input: ../sto6g.log, ../sto3g.log
    output: ../result.txt
    jobid: 3
    reason: Missing output files: ../result.txt; Input files updated by another job: ../sto6g.log, ../sto3g.log
    resources: tmpdir=/tmp

[Fri Dec 15 17:12:45 2023]
Error in rule printo:
    jobid: 3
    input: ../sto6g.log, ../sto3g.log
    output: ../result.txt

RuleException:
WorkflowError in file /home2/dengtia4/cmse890_workflow/modified_files/script/Snakefile, line 26:
Failed to open source file /home2/dengtia4/cmse890_workflow/modified_files/script/
        for i in {input}:
            python driver_after.py $i {output}
        
FileNotFoundError: [Errno 2] No such file or directory: '/home2/dengtia4/cmse890_workflow/modified_files/script/\n        for i in {input}:\n            python driver_after.py $i {output}\n        '
  File "/home2/dengtia4/cmse890_workflow/modified_files/script/Snakefile", line 26, in __rule_printo
  File "/home2/dengtia4/miniconda3/envs/snakemake/lib/python3.11/concurrent/futures/thread.py", line 58, in run
Shutting down, this might take some time.
Exiting because a job execution failed. Look above for error message
Complete log: .snakemake/log/2023-12-15T171127.045112.snakemake.log
