Config file config.yaml is extended by additional config specified via the command line.
Building DAG of jobs...
Using shell: /usr/bin/bash
Provided cores: 4
Rules claiming more threads will be scaled down.
Job stats:
job       count
------  -------
all           1
submit        1
total         2

Select jobs to execute...

[Thu Dec 14 21:45:09 2023]
rule submit:
    input: ../template.inp
    output: ../../modified_files/dz.inp
    jobid: 1
    reason: Missing output files: ../../modified_files/dz.inp
    resources: tmpdir=/tmp

[Thu Dec 14 21:45:23 2023]
Finished job 1.
1 of 2 steps (50%) done
Select jobs to execute...

[Thu Dec 14 21:45:23 2023]
localrule all:
    input: ../../modified_files/dz.inp
    jobid: 0
    reason: Input files updated by another job: ../../modified_files/dz.inp
    resources: tmpdir=/tmp

[Thu Dec 14 21:45:23 2023]
Finished job 0.
2 of 2 steps (100%) done
Complete log: .snakemake/log/2023-12-14T214508.840507.snakemake.log
