Config file config.yaml is extended by additional config specified via the command line.
Building DAG of jobs...
Using shell: /usr/bin/bash
Provided cores: 4
Rules claiming more threads will be scaled down.
Job stats:
job       count
------  -------
all           1
submit        1
total         2

Select jobs to execute...

[Thu Dec 14 21:44:05 2023]
rule submit:
    input: ../template.inp
    output: ../../modified_files/dz.inp
    jobid: 1
    reason: Missing output files: ../../modified_files/dz.inp
    resources: tmpdir=/tmp

[Thu Dec 14 21:44:13 2023]
Error in rule submit:
    jobid: 1
    input: ../template.inp
    output: ../../modified_files/dz.inp
    shell:
        python driver_before.py ../template.inp ../../modified_files/dz.inp
        (one of the commands exited with non-zero exit code; note that snakemake uses bash strict mode!)

Shutting down, this might take some time.
Exiting because a job execution failed. Look above for error message
Complete log: .snakemake/log/2023-12-14T214403.937282.snakemake.log
