Building DAG of jobs...
Using shell: /usr/bin/bash
Provided cores: 4
Rules claiming more threads will be scaled down.
Job stats:
job       count
------  -------
all           1
submit        1
total         2

Select jobs to execute...

[Wed Dec 13 14:46:05 2023]
rule submit:
    input: ../files/2-sto3g-1-ccsd-d2h-fzv.inp
    output: ../files/2-sto3g-1-ccsd-d2h-fzv.log
    jobid: 1
    reason: Missing output files: ../files/2-sto3g-1-ccsd-d2h-fzv.log
    wildcards: file_name=2-sto3g-1-ccsd-d2h-fzv
    resources: tmpdir=/tmp

Terminating processes on user request, this might take some time.
[Wed Dec 13 14:46:20 2023]
Error in rule submit:
    jobid: 1
    input: ../files/2-sto3g-1-ccsd-d2h-fzv.inp
    output: ../files/2-sto3g-1-ccsd-d2h-fzv.log
    shell:
        ./rungms_may9 ../files/2-sto3g-1-ccsd-d2h-fzv.inp 00 1 4 > ../files/2-sto3g-1-ccsd-d2h-fzv.log
        (one of the commands exited with non-zero exit code; note that snakemake uses bash strict mode!)

Complete log: .snakemake/log/2023-12-13T144604.062594.snakemake.log
