Building DAG of jobs...
Using shell: /usr/bin/bash
Provided cores: 4
Rules claiming more threads will be scaled down.
Job stats:
job       count
------  -------
all           1
submit        1
total         2

Select jobs to execute...

[Wed Dec 13 21:59:54 2023]
rule submit:
    input: ../files/2-sto3g-1-ccsd-d2h-fzv.inp
    output: ../files/2-sto3g-1-ccsd-d2h-fzv.log
    jobid: 1
    reason: Missing output files: ../files/2-sto3g-1-ccsd-d2h-fzv.log
    wildcards: file_name=2-sto3g-1-ccsd-d2h-fzv
    resources: tmpdir=/tmp

[Wed Dec 13 21:59:55 2023]
Finished job 1.
1 of 2 steps (50%) done
Select jobs to execute...

[Wed Dec 13 21:59:55 2023]
localrule all:
    input: ../files/2-sto3g-1-ccsd-d2h-fzv.log
    jobid: 0
    reason: Input files updated by another job: ../files/2-sto3g-1-ccsd-d2h-fzv.log
    resources: tmpdir=/tmp

[Wed Dec 13 21:59:55 2023]
Finished job 0.
2 of 2 steps (100%) done
Complete log: .snakemake/log/2023-12-13T215952.145087.snakemake.log
